<?xml version="1.0" encoding="UTF-8"?>
<!-- Generated by org.testng.reporters.JUnitXMLReporter -->
<testsuite hostname="LAPTOP-FTGC9H70" ignored="0" name="TestNG Features" tests="12" failures="3" timestamp="22 Apr 2020 03:38:38 GMT" time="38.324" errors="0">
  <testcase name="googleTitleTest" time="0.005" classname="testNG.TestNG1"/>
  <testcase name="gmaillink" time="0.05" classname="testNG.TestNG3">
    <failure type="org.openqa.selenium.NoSuchElementException" message="no such element: Unable to locate element: {&amp;quot;method&amp;quot;:&amp;quot;link text&amp;quot;,&amp;quot;selector&amp;quot;:&amp;quot;mail&amp;quot;}
  (Session info: chrome=81.0.4044.113)
For documentation on this error, please visit: https://www.seleniumhq.org/exceptions/no_such_element.html
Build info: version: &amp;apos;3.141.59&amp;apos;, revision: &amp;apos;e82be7d358&amp;apos;, time: &amp;apos;2018-11-14T08:17:03&amp;apos;
System info: host: &amp;apos;LAPTOP-FTGC9H70&amp;apos;, ip: &amp;apos;192.168.43.108&amp;apos;, os.name: &amp;apos;Windows 10&amp;apos;, os.arch: &amp;apos;amd64&amp;apos;, os.version: &amp;apos;10.0&amp;apos;, java.version: &amp;apos;1.8.0_231&amp;apos;
Driver info: org.openqa.selenium.chrome.ChromeDriver
Capabilities {acceptInsecureCerts: false, browserName: chrome, browserVersion: 81.0.4044.113, chrome: {chromedriverVersion: 80.0.3987.106 (f68069574609..., userDataDir: C:\Users\Naushad\AppData\Lo...}, goog:chromeOptions: {debuggerAddress: localhost:53637}, javascriptEnabled: true, networkConnectionEnabled: false, pageLoadStrategy: normal, platform: WINDOWS, platformName: WINDOWS, proxy: Proxy(), setWindowRect: true, strictFileInteractability: false, timeouts: {implicit: 0, pageLoad: 300000, script: 30000}, unhandledPromptBehavior: dismiss and notify}
Session ID: ad94b3f8481480a2310c7f5bec62f21d
*** Element info: {Using=link text, value=mail}">
      <![CDATA[org.openqa.selenium.NoSuchElementException: no such element: Unable to locate element: {"method":"link text","selector":"mail"}
  (Session info: chrome=81.0.4044.113)
For documentation on this error, please visit: https://www.seleniumhq.org/exceptions/no_such_element.html
Build info: version: '3.141.59', revision: 'e82be7d358', time: '2018-11-14T08:17:03'
System info: host: 'LAPTOP-FTGC9H70', ip: '192.168.43.108', os.name: 'Windows 10', os.arch: 'amd64', os.version: '10.0', java.version: '1.8.0_231'
Driver info: org.openqa.selenium.chrome.ChromeDriver
Capabilities {acceptInsecureCerts: false, browserName: chrome, browserVersion: 81.0.4044.113, chrome: {chromedriverVersion: 80.0.3987.106 (f68069574609..., userDataDir: C:\Users\Naushad\AppData\Lo...}, goog:chromeOptions: {debuggerAddress: localhost:53637}, javascriptEnabled: true, networkConnectionEnabled: false, pageLoadStrategy: normal, platform: WINDOWS, platformName: WINDOWS, proxy: Proxy(), setWindowRect: true, strictFileInteractability: false, timeouts: {implicit: 0, pageLoad: 300000, script: 30000}, unhandledPromptBehavior: dismiss and notify}
Session ID: ad94b3f8481480a2310c7f5bec62f21d
*** Element info: {Using=link text, value=mail}
	at org.openqa.selenium.remote.http.W3CHttpResponseCodec.createException(W3CHttpResponseCodec.java:187)
	at org.openqa.selenium.remote.http.W3CHttpResponseCodec.decode(W3CHttpResponseCodec.java:122)
	at org.openqa.selenium.remote.http.W3CHttpResponseCodec.decode(W3CHttpResponseCodec.java:49)
	at org.openqa.selenium.remote.HttpCommandExecutor.execute(HttpCommandExecutor.java:158)
	at org.openqa.selenium.remote.service.DriverCommandExecutor.execute(DriverCommandExecutor.java:83)
	at org.openqa.selenium.remote.RemoteWebDriver.execute(RemoteWebDriver.java:552)
	at org.openqa.selenium.remote.RemoteWebDriver.findElement(RemoteWebDriver.java:323)
	at org.openqa.selenium.remote.RemoteWebDriver.findElementByLinkText(RemoteWebDriver.java:380)
	at org.openqa.selenium.By$ByLinkText.findElement(By.java:220)
	at org.openqa.selenium.remote.RemoteWebDriver.findElement(RemoteWebDriver.java:315)
	at testNG.TestNG3.gmaillink(TestNG3.java:40)
... Removed 29 stack frames]]>
    </failure>
  </testcase> <!-- gmaillink -->
  <testcase name="googleTitletest" time="0.011" classname="testNG.TestNG3"/>
  <testcase name="googlesublink" time="0.038" classname="testNG.TestNG3">
    <failure type="java.lang.AssertionError" message="expected [] but found [I&amp;apos;m Feeling Lucky]">
      <![CDATA[java.lang.AssertionError: expected [] but found [I'm Feeling Lucky]
	at testNG.TestNG3.googlesublink(TestNG3.java:47)
... Removed 31 stack frames]]>
    </failure>
  </testcase> <!-- googlesublink -->
  <testcase name="infiniteloop" time="0.01" classname="testNG.TestNGFeatures">
    <failure type="org.testng.internal.thread.ThreadTimeoutException" message="Method testNG.TestNGFeatures.infiniteloop() didn&amp;apos;t finish within the time-out 2">
      <![CDATA[org.testng.internal.thread.ThreadTimeoutException: Method testNG.TestNGFeatures.infiniteloop() didn't finish within the time-out 2
	at java.lang.System.arraycopy(Native Method)
	at java.io.BufferedOutputStream.write(BufferedOutputStream.java:128)
	at java.io.PrintStream.write(PrintStream.java:480)
	at sun.nio.cs.StreamEncoder.writeBytes(StreamEncoder.java:221)
	at sun.nio.cs.StreamEncoder.implFlushBuffer(StreamEncoder.java:291)
	at sun.nio.cs.StreamEncoder.flushBuffer(StreamEncoder.java:104)
	at java.io.OutputStreamWriter.flushBuffer(OutputStreamWriter.java:185)
	at java.io.PrintStream.newLine(PrintStream.java:546)
	at java.io.PrintStream.println(PrintStream.java:737)
	at testNG.TestNGFeatures.infiniteloop(TestNGFeatures.java:28)
	at java.util.concurrent.Executors$RunnableAdapter.call(Executors.java:511)
	at java.util.concurrent.FutureTask.run(FutureTask.java:266)
	at java.util.concurrent.ThreadPoolExecutor.runWorker(ThreadPoolExecutor.java:1149)
	at java.util.concurrent.ThreadPoolExecutor$Worker.run(ThreadPoolExecutor.java:624)
	at java.lang.Thread.run(Thread.java:748)
... Removed 7 stack frames]]>
    </failure>
  </testcase> <!-- infiniteloop -->
  <testcase name="loginTest" time="0.002" classname="testNG.TestNGFeatures"/>
  <testcase name="HomePageTest" time="0.003" classname="testNG.TestNGFeatures"/>
  <testcase name="SearchPageTest" time="0.004" classname="testNG.TestNGFeatures"/>
  <testcase name="googleTitleTest" time="0.023" classname="testNG.TestNG2"/>
  <testcase name="googeTitleTest" time="0.053" classname="testNG.TestNGFeatures"/>
  <testcase name="googleLogoTest" time="0.084" classname="testNG.TestNG2"/>
  <testcase name="gmailTest" time="0.029" classname="testNG.TestNG2"/>
</testsuite> <!-- TestNG Features -->
