<?xml version="1.0" encoding="UTF-8"?>
<!-- Generated by org.testng.reporters.JUnitReportReporter -->
<testsuite name="testNG.TestNGFeatures" tests="5" time="0.072" ignored="0" failures="0" timestamp="22 Apr 2020 03:38:38 GMT" skipped="0" hostname="LAPTOP-FTGC9H70" errors="1">
  <testcase name="googeTitleTest" time="0.053" classname="testNG.TestNGFeatures"/>
  <testcase name="loginTest" time="0.002" classname="testNG.TestNGFeatures"/>
  <testcase name="infiniteloop" time="0.010" classname="testNG.TestNGFeatures">
    <error type="org.testng.internal.thread.ThreadTimeoutException" message="Method testNG.TestNGFeatures.infiniteloop() didn&#039;t finish within the time-out 2">
      <![CDATA[org.testng.internal.thread.ThreadTimeoutException: Method testNG.TestNGFeatures.infiniteloop() didn't finish within the time-out 2
	at java.lang.System.arraycopy(Native Method)
	at java.io.BufferedOutputStream.write(BufferedOutputStream.java:128)
	at java.io.PrintStream.write(PrintStream.java:480)
	at sun.nio.cs.StreamEncoder.writeBytes(StreamEncoder.java:221)
	at sun.nio.cs.StreamEncoder.implFlushBuffer(StreamEncoder.java:291)
	at sun.nio.cs.StreamEncoder.flushBuffer(StreamEncoder.java:104)
	at java.io.OutputStreamWriter.flushBuffer(OutputStreamWriter.java:185)
	at java.io.PrintStream.newLine(PrintStream.java:546)
	at java.io.PrintStream.println(PrintStream.java:737)
	at testNG.TestNGFeatures.infiniteloop(TestNGFeatures.java:28)
	at sun.reflect.NativeMethodAccessorImpl.invoke0(Native Method)
	at sun.reflect.NativeMethodAccessorImpl.invoke(NativeMethodAccessorImpl.java:62)
	at sun.reflect.DelegatingMethodAccessorImpl.invoke(DelegatingMethodAccessorImpl.java:43)
	at java.lang.reflect.Method.invoke(Method.java:498)
	at org.testng.internal.MethodInvocationHelper.invokeMethod(MethodInvocationHelper.java:104)
	at org.testng.internal.InvokeMethodRunnable.runOne(InvokeMethodRunnable.java:54)
	at org.testng.internal.InvokeMethodRunnable.run(InvokeMethodRunnable.java:40)
	at java.util.concurrent.Executors$RunnableAdapter.call(Executors.java:511)
	at java.util.concurrent.FutureTask.run(FutureTask.java:266)
	at java.util.concurrent.ThreadPoolExecutor.runWorker(ThreadPoolExecutor.java:1149)
	at java.util.concurrent.ThreadPoolExecutor$Worker.run(ThreadPoolExecutor.java:624)
	at java.lang.Thread.run(Thread.java:748)
]]>
    </error>
  </testcase> <!-- infiniteloop -->
  <testcase name="SearchPageTest" time="0.004" classname="testNG.TestNGFeatures"/>
  <testcase name="HomePageTest" time="0.003" classname="testNG.TestNGFeatures"/>
</testsuite> <!-- testNG.TestNGFeatures -->
